2025-01-14 09:13:10,843 - automation-to-send-curriculum-web - INFO - E-mail: helen.matos@nexmuv.com.br sent sucessfully, Recruiter: Helen Matos, Techonology: node
2025-01-14 09:13:12,864 - automation-to-send-curriculum-web - INFO - File moved from C:\github\joaoG23\pessoal\Automation-to-send-curriculum\web\import\jobs.csv to C:\github\joaoG23\pessoal\Automation-to-send-curriculum\web\exported\20250114091210.csv
2025-01-14 09:13:12,864 - automation-to-send-curriculum-web - INFO - Resumes sent with success!1
2025-01-14 12:58:34,326 - automation-to-send-curriculum-web - ERROR - Exception: Traceback (most recent call last):
  File "parsers.pyx", line 1120, in pandas._libs.parsers.TextReader._convert_tokens
  File "parsers.pyx", line 1272, in pandas._libs.parsers.TextReader._convert_with_dtype
  File "parsers.pyx", line 1285, in pandas._libs.parsers.TextReader._string_convert
  File "parsers.pyx", line 1535, in pandas._libs.parsers._string_box_utf8
UnicodeDecodeError: 'utf-8' codec can't decode byte 0xfa in position 31: invalid start byte

During handling of the above exception, another exception occurred:

Traceback (most recent call last):
  File "C:\github\joaoG23\pessoal\Automation-to-send-curriculum\web\__init__.py", line 69, in <module>
    if not verify_email_sent_by_line_csv(i):
           ^^^^^^^^^^^^^^^^^^^^^^^^^^^^^^^^
  File "C:\github\joaoG23\pessoal\Automation-to-send-curriculum\web\send_emails\verify_email_sent_by_line_csv\verify_email_sent_by_line_csv.py", line 5, in verify_email_sent_by_line_csv
    df = pd.read_csv('import/jobs.csv', sep=';', encoding='utf-8')
         ^^^^^^^^^^^^^^^^^^^^^^^^^^^^^^^^^^^^^^^^^^^^^^^^^^^^^^^^^
  File "C:\Users\joaog\AppData\Local\Programs\Python\Python312\Lib\site-packages\pandas\io\parsers\readers.py", line 1026, in read_csv
    return _read(filepath_or_buffer, kwds)
           ^^^^^^^^^^^^^^^^^^^^^^^^^^^^^^^
  File "C:\Users\joaog\AppData\Local\Programs\Python\Python312\Lib\site-packages\pandas\io\parsers\readers.py", line 626, in _read
    return parser.read(nrows)
           ^^^^^^^^^^^^^^^^^^
  File "C:\Users\joaog\AppData\Local\Programs\Python\Python312\Lib\site-packages\pandas\io\parsers\readers.py", line 1923, in read
    ) = self._engine.read(  # type: ignore[attr-defined]
        ^^^^^^^^^^^^^^^^^^^^^^^^^^^^^^^^^^^^^^^^^^^^^^^^
  File "C:\Users\joaog\AppData\Local\Programs\Python\Python312\Lib\site-packages\pandas\io\parsers\c_parser_wrapper.py", line 234, in read
    chunks = self._reader.read_low_memory(nrows)
             ^^^^^^^^^^^^^^^^^^^^^^^^^^^^^^^^^^^
  File "parsers.pyx", line 838, in pandas._libs.parsers.TextReader.read_low_memory
  File "parsers.pyx", line 921, in pandas._libs.parsers.TextReader._read_rows
  File "parsers.pyx", line 1066, in pandas._libs.parsers.TextReader._convert_column_data
  File "parsers.pyx", line 1127, in pandas._libs.parsers.TextReader._convert_tokens
  File "parsers.pyx", line 1272, in pandas._libs.parsers.TextReader._convert_with_dtype
  File "parsers.pyx", line 1285, in pandas._libs.parsers.TextReader._string_convert
  File "parsers.pyx", line 1535, in pandas._libs.parsers._string_box_utf8
UnicodeDecodeError: 'utf-8' codec can't decode byte 0xfa in position 31: invalid start byte

2025-01-14 13:00:55,894 - automation-to-send-curriculum-web - INFO - E-mail: camila.conde@triggolabs.com sent sucessfully, Recruiter: Camila Conde, Techonology: frontend
2025-01-14 13:01:55,872 - automation-to-send-curriculum-web - INFO - E-mail: Rafaela.gonzalez@nava.com.br sent sucessfully, Recruiter: Rafaela, Techonology: java
2025-01-14 13:02:55,623 - automation-to-send-curriculum-web - INFO - E-mail: Rafaela.gonzalez@nava.com.br sent sucessfully, Recruiter: Rafaela, Techonology: python
2025-01-14 13:03:55,505 - automation-to-send-curriculum-web - INFO - E-mail: administrativo@petize.com.br sent sucessfully, Recruiter: Ruan Pablo, Techonology: frontend
2025-01-14 13:04:56,483 - automation-to-send-curriculum-web - INFO - E-mail: marina@conectacapitalhumano.com sent sucessfully, Recruiter: Marina, Techonology: python
2025-01-14 13:05:56,792 - automation-to-send-curriculum-web - INFO - E-mail: yasmin.souza@souyess.com.br sent sucessfully, Recruiter: Yasmin Souza, Techonology: frontend
2025-01-14 13:06:56,858 - automation-to-send-curriculum-web - INFO - E-mail: yasmin.souza@souyess.com.br sent sucessfully, Recruiter: Yasmin Souza, Techonology: java
2025-01-14 13:06:58,869 - automation-to-send-curriculum-web - INFO - File moved from C:\github\joaoG23\pessoal\Automation-to-send-curriculum\web\import\jobs.csv to C:\github\joaoG23\pessoal\Automation-to-send-curriculum\web\exported\20250114125955.csv
2025-01-14 13:06:58,869 - automation-to-send-curriculum-web - INFO - Resumes sent with success!7
2025-01-15 14:39:37,759 - automation-to-send-curriculum-web - ERROR - Exception: Traceback (most recent call last):
  File "parsers.pyx", line 1120, in pandas._libs.parsers.TextReader._convert_tokens
  File "parsers.pyx", line 1272, in pandas._libs.parsers.TextReader._convert_with_dtype
  File "parsers.pyx", line 1285, in pandas._libs.parsers.TextReader._string_convert
  File "parsers.pyx", line 1535, in pandas._libs.parsers._string_box_utf8
UnicodeDecodeError: 'utf-8' codec can't decode byte 0xed in position 31: invalid continuation byte

During handling of the above exception, another exception occurred:

Traceback (most recent call last):
  File "C:\github\joaoG23\pessoal\Automation-to-send-curriculum\web\__init__.py", line 69, in <module>
    if not verify_email_sent_by_line_csv(i):
           ^^^^^^^^^^^^^^^^^^^^^^^^^^^^^^^^
  File "C:\github\joaoG23\pessoal\Automation-to-send-curriculum\web\send_emails\verify_email_sent_by_line_csv\verify_email_sent_by_line_csv.py", line 5, in verify_email_sent_by_line_csv
    df = pd.read_csv('import/jobs.csv', sep=';', encoding='utf-8')
         ^^^^^^^^^^^^^^^^^^^^^^^^^^^^^^^^^^^^^^^^^^^^^^^^^^^^^^^^^
  File "C:\Users\joaog\AppData\Local\Programs\Python\Python312\Lib\site-packages\pandas\io\parsers\readers.py", line 1026, in read_csv
    return _read(filepath_or_buffer, kwds)
           ^^^^^^^^^^^^^^^^^^^^^^^^^^^^^^^
  File "C:\Users\joaog\AppData\Local\Programs\Python\Python312\Lib\site-packages\pandas\io\parsers\readers.py", line 626, in _read
    return parser.read(nrows)
           ^^^^^^^^^^^^^^^^^^
  File "C:\Users\joaog\AppData\Local\Programs\Python\Python312\Lib\site-packages\pandas\io\parsers\readers.py", line 1923, in read
    ) = self._engine.read(  # type: ignore[attr-defined]
        ^^^^^^^^^^^^^^^^^^^^^^^^^^^^^^^^^^^^^^^^^^^^^^^^
  File "C:\Users\joaog\AppData\Local\Programs\Python\Python312\Lib\site-packages\pandas\io\parsers\c_parser_wrapper.py", line 234, in read
    chunks = self._reader.read_low_memory(nrows)
             ^^^^^^^^^^^^^^^^^^^^^^^^^^^^^^^^^^^
  File "parsers.pyx", line 838, in pandas._libs.parsers.TextReader.read_low_memory
  File "parsers.pyx", line 921, in pandas._libs.parsers.TextReader._read_rows
  File "parsers.pyx", line 1066, in pandas._libs.parsers.TextReader._convert_column_data
  File "parsers.pyx", line 1127, in pandas._libs.parsers.TextReader._convert_tokens
  File "parsers.pyx", line 1272, in pandas._libs.parsers.TextReader._convert_with_dtype
  File "parsers.pyx", line 1285, in pandas._libs.parsers.TextReader._string_convert
  File "parsers.pyx", line 1535, in pandas._libs.parsers._string_box_utf8
UnicodeDecodeError: 'utf-8' codec can't decode byte 0xed in position 31: invalid continuation byte

2025-01-15 14:40:04,571 - automation-to-send-curriculum-web - ERROR - Exception: Traceback (most recent call last):
  File "parsers.pyx", line 1120, in pandas._libs.parsers.TextReader._convert_tokens
  File "parsers.pyx", line 1272, in pandas._libs.parsers.TextReader._convert_with_dtype
  File "parsers.pyx", line 1285, in pandas._libs.parsers.TextReader._string_convert
  File "parsers.pyx", line 1535, in pandas._libs.parsers._string_box_utf8
UnicodeDecodeError: 'utf-8' codec can't decode byte 0xed in position 31: invalid continuation byte

During handling of the above exception, another exception occurred:

Traceback (most recent call last):
  File "C:\github\joaoG23\pessoal\Automation-to-send-curriculum\web\__init__.py", line 69, in <module>
    if not verify_email_sent_by_line_csv(i):
           ^^^^^^^^^^^^^^^^^^^^^^^^^^^^^^^^
  File "C:\github\joaoG23\pessoal\Automation-to-send-curriculum\web\send_emails\verify_email_sent_by_line_csv\verify_email_sent_by_line_csv.py", line 5, in verify_email_sent_by_line_csv
    df = pd.read_csv('import/jobs.csv', sep=';', encoding='utf-8')
         ^^^^^^^^^^^^^^^^^^^^^^^^^^^^^^^^^^^^^^^^^^^^^^^^^^^^^^^^^
  File "C:\Users\joaog\AppData\Local\Programs\Python\Python312\Lib\site-packages\pandas\io\parsers\readers.py", line 1026, in read_csv
    return _read(filepath_or_buffer, kwds)
           ^^^^^^^^^^^^^^^^^^^^^^^^^^^^^^^
  File "C:\Users\joaog\AppData\Local\Programs\Python\Python312\Lib\site-packages\pandas\io\parsers\readers.py", line 626, in _read
    return parser.read(nrows)
           ^^^^^^^^^^^^^^^^^^
  File "C:\Users\joaog\AppData\Local\Programs\Python\Python312\Lib\site-packages\pandas\io\parsers\readers.py", line 1923, in read
    ) = self._engine.read(  # type: ignore[attr-defined]
        ^^^^^^^^^^^^^^^^^^^^^^^^^^^^^^^^^^^^^^^^^^^^^^^^
  File "C:\Users\joaog\AppData\Local\Programs\Python\Python312\Lib\site-packages\pandas\io\parsers\c_parser_wrapper.py", line 234, in read
    chunks = self._reader.read_low_memory(nrows)
             ^^^^^^^^^^^^^^^^^^^^^^^^^^^^^^^^^^^
  File "parsers.pyx", line 838, in pandas._libs.parsers.TextReader.read_low_memory
  File "parsers.pyx", line 921, in pandas._libs.parsers.TextReader._read_rows
  File "parsers.pyx", line 1066, in pandas._libs.parsers.TextReader._convert_column_data
  File "parsers.pyx", line 1127, in pandas._libs.parsers.TextReader._convert_tokens
  File "parsers.pyx", line 1272, in pandas._libs.parsers.TextReader._convert_with_dtype
  File "parsers.pyx", line 1285, in pandas._libs.parsers.TextReader._string_convert
  File "parsers.pyx", line 1535, in pandas._libs.parsers._string_box_utf8
UnicodeDecodeError: 'utf-8' codec can't decode byte 0xed in position 31: invalid continuation byte

2025-01-15 14:46:50,552 - automation-to-send-curriculum-web - INFO - E-mail: jaquelinekreitlow@agtalentos.com.br sent sucessfully, Recruiter: Recrutador(a), Techonology: frontend
2025-01-15 14:47:49,186 - automation-to-send-curriculum-web - INFO - E-mail: rh@spycar.com.br sent sucessfully, Recruiter: Spycar, Techonology: fullstack
2025-01-15 14:48:47,791 - automation-to-send-curriculum-web - INFO - E-mail: rh.beierconsultoria@gmail.com.br sent sucessfully, Recruiter: Beier Consultoria, Techonology: python
2025-01-15 14:49:46,665 - automation-to-send-curriculum-web - INFO - E-mail: daiane.cortez@experis.com.br sent sucessfully, Recruiter: Daiane Cortez, Techonology: fullstack
2025-01-15 14:50:45,229 - automation-to-send-curriculum-web - INFO - E-mail: daiane.cortez@experis.com.br sent sucessfully, Recruiter: Daiane Cortez, Techonology: fullstack
2025-01-15 14:51:44,024 - automation-to-send-curriculum-web - INFO - E-mail: fhrans.alves@experis.com.br sent sucessfully, Recruiter: Fhrans Sales, Techonology: fullstack
2025-01-15 14:52:43,368 - automation-to-send-curriculum-web - INFO - E-mail: luiza.costa@experis.com.br sent sucessfully, Recruiter: Luiza Jardelino , Techonology: java
2025-01-15 14:53:42,306 - automation-to-send-curriculum-web - INFO - E-mail: fernanda.ruiz@am53.com.br sent sucessfully, Recruiter: Fernanda Ruiz, Techonology: node
2025-01-15 14:54:41,445 - automation-to-send-curriculum-web - INFO - E-mail: fernanda.ruiz@am53.com.br sent sucessfully, Recruiter: Fernanda Ruiz, Techonology: frontend
2025-01-15 14:55:40,252 - automation-to-send-curriculum-web - INFO - E-mail: vagas@triplano.games sent sucessfully, Recruiter: Camila Bock, Techonology: fullstack
2025-01-15 14:56:39,665 - automation-to-send-curriculum-web - INFO - E-mail: beatriz.belens@verx.com.br sent sucessfully, Recruiter: Beatriz, Techonology: node
2025-01-15 14:57:38,594 - automation-to-send-curriculum-web - INFO - E-mail: mairasorge@yahoo.com.br sent sucessfully, Recruiter: Maira Sorge, Techonology: node
2025-01-15 14:58:37,638 - automation-to-send-curriculum-web - INFO - E-mail: sejaiport@iportsolutions.com.br sent sucessfully, Recruiter: Recrutador(a), Techonology: fullstack
2025-01-15 14:59:36,448 - automation-to-send-curriculum-web - INFO - E-mail: leticia.silva@opah.com.br sent sucessfully, Recruiter: Let√≠cia Fonseca, Techonology: node
2025-01-15 14:59:38,452 - automation-to-send-curriculum-web - INFO - File moved from C:\github\joaoG23\pessoal\Automation-to-send-curriculum\web\import\jobs.csv to C:\github\joaoG23\pessoal\Automation-to-send-curriculum\web\exported\20250115144551.csv
2025-01-15 14:59:38,452 - automation-to-send-curriculum-web - INFO - Resumes sent with success!14
2025-01-15 16:52:43,631 - automation-to-send-curriculum-web - ERROR - Exception: Traceback (most recent call last):
  File "C:\github\joaoG23\pessoal\Automation-to-send-curriculum\web\__init__.py", line 61, in <module>
    with open(path_file_imports, 'r') as file:
         ^^^^^^^^^^^^^^^^^^^^^^^^^^^^
FileNotFoundError: [Errno 2] No such file or directory: 'C:\\github\\joaoG23\\pessoal\\Automation-to-send-curriculum\\web\\import\\jobs.csv'

2025-01-15 17:00:14,571 - automation-to-send-curriculum-web - INFO - E-mail: contato@sysmov.com.br sent sucessfully, Recruiter: Jorge Luiz, Techonology: fullstack
2025-01-15 17:01:13,628 - automation-to-send-curriculum-web - INFO - E-mail: rh@d3.works sent sucessfully, Recruiter: Recrutador(a), Techonology: fullstack
2025-01-15 17:02:12,177 - automation-to-send-curriculum-web - INFO - E-mail: rh@go2win.com.br sent sucessfully, Recruiter: Sheila Beatriz, Techonology: python
2025-01-15 17:03:10,873 - automation-to-send-curriculum-web - INFO - E-mail: administrativo@mundorevalida.com.br sent sucessfully, Recruiter: Recrutador(a), Techonology: fullstack
2025-01-15 17:04:09,621 - automation-to-send-curriculum-web - INFO - E-mail: rafael.gpereira@g4f.com.br sent sucessfully, Recruiter: Rafael Gomes, Techonology: fullstack
2025-01-15 17:05:08,688 - automation-to-send-curriculum-web - INFO - E-mail: vagas@assuranceit.com.br sent sucessfully, Recruiter: Recrutador(a), Techonology: java
2025-01-15 17:06:07,620 - automation-to-send-curriculum-web - INFO - E-mail: vagas@assuranceit.com.br sent sucessfully, Recruiter: Recrutador(a), Techonology: java
2025-01-15 17:07:06,443 - automation-to-send-curriculum-web - INFO - E-mail: vagas@assuranceit.com.br sent sucessfully, Recruiter: Recrutador(a), Techonology: node
2025-01-15 17:08:05,295 - automation-to-send-curriculum-web - INFO - E-mail: vagas@assuranceit.com.br sent sucessfully, Recruiter: Recrutador(a), Techonology: java
2025-01-15 17:09:04,003 - automation-to-send-curriculum-web - INFO - E-mail: rafael.gpereira@g4f.com.br sent sucessfully, Recruiter: Rafael Gomes, Techonology: python
2025-01-15 17:10:02,589 - automation-to-send-curriculum-web - INFO - E-mail: rafael.gpereira@g4f.com.br sent sucessfully, Recruiter: Rafael Gomes, Techonology: fullstack
2025-01-15 17:11:01,459 - automation-to-send-curriculum-web - INFO - E-mail: rafael.gpereira@g4f.com.br sent sucessfully, Recruiter: Rafael Gomes, Techonology: java
2025-01-15 17:12:00,369 - automation-to-send-curriculum-web - INFO - E-mail: ana.carolina@pcdmais.com.br sent sucessfully, Recruiter: Ana Carolina, Techonology: fullstack
2025-01-15 17:12:59,033 - automation-to-send-curriculum-web - INFO - E-mail: tamires.silva@gbtsolutions.pt sent sucessfully, Recruiter: Tamires Silva, Techonology: java
2025-01-15 17:13:57,800 - automation-to-send-curriculum-web - INFO - E-mail: aline.lima@metanetsistemas.com.br sent sucessfully, Recruiter: Aline Lima, Techonology: java
2025-01-15 17:14:56,391 - automation-to-send-curriculum-web - INFO - E-mail: consultoria@entrustit.com.br sent sucessfully, Recruiter: Recrutador(a), Techonology: java
2025-01-15 17:15:54,975 - automation-to-send-curriculum-web - INFO - E-mail: mariane.borondi@gateware.com.br sent sucessfully, Recruiter: Mariane, Techonology: frontend
2025-01-15 17:16:53,663 - automation-to-send-curriculum-web - INFO - E-mail: raquel.justo@kstack.com.br sent sucessfully, Recruiter: Raquel Justo, Techonology: java
2025-01-15 17:17:52,319 - automation-to-send-curriculum-web - INFO - E-mail: gteles@k2partnering.com sent sucessfully, Recruiter: Recrutador(a), Techonology: fullstack
2025-01-15 17:18:51,265 - automation-to-send-curriculum-web - INFO - E-mail: deborah@bluesix.com.br sent sucessfully, Recruiter: Deborah, Techonology: node
2025-01-15 17:18:53,269 - automation-to-send-curriculum-web - INFO - File moved from C:\github\joaoG23\pessoal\Automation-to-send-curriculum\web\import\jobs.csv to C:\github\joaoG23\pessoal\Automation-to-send-curriculum\web\exported\20250115165915.csv
2025-01-15 17:18:53,269 - automation-to-send-curriculum-web - INFO - Resumes sent with success!20
2025-01-16 17:22:57,992 - automation-to-send-curriculum-web - INFO - E-mail: bruna@moot.com.br  sent sucessfully, Recruiter: Bruna, Techonology: frontend
2025-01-16 17:23:58,169 - automation-to-send-curriculum-web - INFO - E-mail: bruna@moot.com.br  sent sucessfully, Recruiter: Recrutador(a), Techonology: fullstack
2025-01-16 17:24:58,225 - automation-to-send-curriculum-web - INFO - E-mail: banco.talentos@acessorias.com sent sucessfully, Recruiter: Samuel, Techonology: fullstack
2025-01-16 17:25:58,871 - automation-to-send-curriculum-web - INFO - E-mail: banco.talentos@acessorias.com sent sucessfully, Recruiter: Samuel, Techonology: python
2025-01-16 17:26:58,916 - automation-to-send-curriculum-web - INFO - E-mail: daniela.faria@avuke.com.br sent sucessfully, Recruiter: Daniela Faria, Techonology: frontend
2025-01-16 17:27:58,859 - automation-to-send-curriculum-web - INFO - E-mail: bruna.ferreira@squadra.com.br sent sucessfully, Recruiter: Bruna Ferreira, Techonology: frontend
2025-01-16 17:28:59,224 - automation-to-send-curriculum-web - INFO - E-mail: joyce.lima@sysmap.com.br sent sucessfully, Recruiter: Joyce Lima, Techonology: java
2025-01-16 17:29:59,105 - automation-to-send-curriculum-web - INFO - E-mail: vagas@innolevels.com.br sent sucessfully, Recruiter: Marina Lima, Techonology: python
2025-01-16 17:30:01,114 - automation-to-send-curriculum-web - INFO - File moved from C:\github\joaoG23\pessoal\Automation-to-send-curriculum\web\import\jobs.csv to C:\github\joaoG23\pessoal\Automation-to-send-curriculum\web\exported\20250116172157.csv
2025-01-16 17:30:01,114 - automation-to-send-curriculum-web - INFO - Resumes sent with success!8
2025-01-17 11:30:23,877 - automation-to-send-curriculum-web - ERROR - Exception: Traceback (most recent call last):
  File "C:\github\joaoG23\pessoal\Automation-to-send-curriculum\web\__init__.py", line 63, in <module>
    list_file = list(file_read)
               ^^^^^^^^^^^^^^^
  File "C:\Users\joaog\AppData\Local\Programs\Python\Python312\Lib\encodings\cp1252.py", line 23, in decode
    return codecs.charmap_decode(input,self.errors,decoding_table)[0]
           ^^^^^^^^^^^^^^^^^^^^^^^^^^^^^^^^^^^^^^^^^^^^^^^^^^^^^^^
UnicodeDecodeError: 'charmap' codec can't decode byte 0x81 in position 312: character maps to <undefined>

2025-01-17 11:31:58,173 - automation-to-send-curriculum-web - ERROR - Exception: Traceback (most recent call last):
  File "C:\github\joaoG23\pessoal\Automation-to-send-curriculum\web\__init__.py", line 63, in <module>
    list_file = list(file_read)
               ^^^^^^^^^^^^^^^
  File "C:\Users\joaog\AppData\Local\Programs\Python\Python312\Lib\encodings\cp1252.py", line 23, in decode
    return codecs.charmap_decode(input,self.errors,decoding_table)[0]
           ^^^^^^^^^^^^^^^^^^^^^^^^^^^^^^^^^^^^^^^^^^^^^^^^^^^^^^^
UnicodeDecodeError: 'charmap' codec can't decode byte 0x81 in position 309: character maps to <undefined>

2025-01-17 11:34:03,319 - automation-to-send-curriculum-web - ERROR - Exception: Traceback (most recent call last):
  File "C:\github\joaoG23\pessoal\Automation-to-send-curriculum\web\__init__.py", line 63, in <module>
    list_file = list(file_read)
               ^^^^^^^^^^^^^^^
_csv.Error: iterator should return strings, not bytes (the file should be opened in text mode)

2025-01-17 11:59:27,455 - automation-to-send-curriculum-web - ERROR - Exception: Traceback (most recent call last):
  File "C:\github\joaoG23\pessoal\Automation-to-send-curriculum\web\__init__.py", line 62, in <module>
    file_read = csv.reader(file, delimiter=';' ,encoding='utf-8')
                ^^^^^^^^^^^^^^^^^^^^^^^^^^^^^^^^^^^^^^^^^^^^^^^^^
TypeError: 'encoding' is an invalid keyword argument for this function

2025-01-17 12:01:56,486 - automation-to-send-curriculum-web - INFO - E-mail: valeria.campaner@govone.digital sent sucessfully, Recruiter: Valeria, Techonology: fullstack
2025-01-17 12:02:56,848 - automation-to-send-curriculum-web - INFO - E-mail: alexsandra.souza@govone.digital sent sucessfully, Recruiter: Alexsandra, Techonology: fullstack
2025-01-17 12:03:56,822 - automation-to-send-curriculum-web - INFO - E-mail: administrativo@petize.com.br sent sucessfully, Recruiter: Recrutador(a), Techonology: python
2025-01-17 12:03:58,831 - automation-to-send-curriculum-web - INFO - File moved from C:\github\joaoG23\pessoal\Automation-to-send-curriculum\web\import\jobs.csv to C:\github\joaoG23\pessoal\Automation-to-send-curriculum\web\exported\20250117120055.csv
2025-01-17 12:03:58,831 - automation-to-send-curriculum-web - INFO - Resumes sent with success!3
2025-01-18 11:34:14,547 - automation-to-send-curriculum-web - INFO - E-mail: rh@bluesix.com.br sent sucessfully, Recruiter: Isadora Santana, Techonology: python
2025-01-18 11:35:13,315 - automation-to-send-curriculum-web - INFO - E-mail: rh@bluesix.com.br sent sucessfully, Recruiter: Isadora Santana, Techonology: python
2025-01-18 11:36:12,097 - automation-to-send-curriculum-web - INFO - E-mail: rh@bluesix.com.br sent sucessfully, Recruiter: Isadora Santana, Techonology: python
2025-01-18 11:37:10,636 - automation-to-send-curriculum-web - INFO - E-mail: flavia.fraga@squadra.com.br sent sucessfully, Recruiter: Ana Fl·via, Techonology: java
2025-01-18 11:38:09,145 - automation-to-send-curriculum-web - INFO - E-mail: flavia.fraga@squadra.com.br sent sucessfully, Recruiter: Ana Fl·via, Techonology: fullstack
2025-01-18 11:39:08,215 - automation-to-send-curriculum-web - INFO - E-mail: rh@multi24h.com.br sent sucessfully, Recruiter: Emily Pires, Techonology: java
2025-01-18 11:39:10,220 - automation-to-send-curriculum-web - INFO - File moved from C:\github\joaoG23\pessoal\Automation-to-send-curriculum\web\import\jobs.csv to C:\github\joaoG23\pessoal\Automation-to-send-curriculum\web\exported\20250118113314.csv
2025-01-18 11:39:10,220 - automation-to-send-curriculum-web - INFO - Resumes sent with success!6
2025-01-20 20:43:07,452 - automation-to-send-curriculum-web - INFO - E-mail: vagas@assuranceit.com.br sent sucessfully, Recruiter: Recrutador(a), Techonology: python
2025-01-20 20:44:08,052 - automation-to-send-curriculum-web - INFO - E-mail: vagas@assuranceit.com.br sent sucessfully, Recruiter: Recrutador(a), Techonology: python
2025-01-20 20:45:08,384 - automation-to-send-curriculum-web - INFO - E-mail: recrutamento@brhconsult.com.br sent sucessfully, Recruiter: Recrutador(a), Techonology: fullstack
2025-01-20 20:46:08,817 - automation-to-send-curriculum-web - INFO - E-mail: carol@piquini.com.br sent sucessfully, Recruiter: Recrutador(a), Techonology: fullstack
2025-01-20 20:47:09,059 - automation-to-send-curriculum-web - INFO - E-mail: rh@buni.digital sent sucessfully, Recruiter: Recrutador(a), Techonology: fullstack
2025-01-20 20:48:09,201 - automation-to-send-curriculum-web - INFO - E-mail: rh@uniweld.com.br sent sucessfully, Recruiter: Recrutador(a), Techonology: fullstack
2025-01-20 20:48:11,208 - automation-to-send-curriculum-web - INFO - File moved from C:\github\joaoG23\pessoal\Automation-to-send-curriculum\web\import\jobs.csv to C:\github\joaoG23\pessoal\Automation-to-send-curriculum\web\exported\20250120204206.csv
2025-01-20 20:48:11,208 - automation-to-send-curriculum-web - INFO - Resumes sent with success!6
2025-01-27 10:42:54,327 - automation-to-send-curriculum-web - INFO - E-mail: recrutamento@bihands.com.br sent sucessfully, Recruiter: Recrutador(a), Techonology: frontend
2025-01-27 10:43:53,137 - automation-to-send-curriculum-web - INFO - E-mail: vagas@e-deploy.com.br sent sucessfully, Recruiter: Recrutador(a), Techonology: python
2025-01-27 10:44:51,980 - automation-to-send-curriculum-web - INFO - E-mail: paloma.rodrigues@cbyk.com.br sent sucessfully, Recruiter: Paloma Rodrigues, Techonology: java
2025-01-27 10:45:50,834 - automation-to-send-curriculum-web - INFO - E-mail: ana.zaqueu@foursys.com.br sent sucessfully, Recruiter: Ana Zaqueu, Techonology: java
2025-01-27 10:46:49,460 - automation-to-send-curriculum-web - INFO - E-mail: rh@multi24h.com.br sent sucessfully, Recruiter: Emily Pires, Techonology: java
2025-01-27 10:47:48,635 - automation-to-send-curriculum-web - INFO - E-mail: marisa.cardilli@200dev.com sent sucessfully, Recruiter: Marisa, Techonology: node
2025-01-27 10:48:47,483 - automation-to-send-curriculum-web - INFO - E-mail: curriculo@privacytools.com.br sent sucessfully, Recruiter: Marison Souza, Techonology: frontend
2025-01-27 10:48:49,491 - automation-to-send-curriculum-web - INFO - File moved from C:\github\joaoG23\pessoal\Automation-to-send-curriculum\web\import\jobs.csv to C:\github\joaoG23\pessoal\Automation-to-send-curriculum\web\exported\20250127104154.csv
2025-01-27 10:48:49,491 - automation-to-send-curriculum-web - INFO - Resumes sent with success!7
2025-02-04 12:38:03,478 - automation-to-send-curriculum-web - INFO - E-mail: yohan.limapo@kstack.com.br sent sucessfully, Recruiter: Yohan, Techonology: java
2025-02-04 12:39:03,617 - automation-to-send-curriculum-web - INFO - E-mail: banco.talentos@acessorias.com sent sucessfully, Recruiter: Samuel, Techonology: fullstack
2025-02-04 12:40:02,526 - automation-to-send-curriculum-web - INFO - E-mail: beatriz.lopes@codegroup.com.br sent sucessfully, Recruiter: Beatriz Lopez, Techonology: java
2025-02-04 12:40:04,530 - automation-to-send-curriculum-web - INFO - File moved from C:\github\joaoG23\pessoal\Automation-to-send-curriculum\web\import\jobs.csv to C:\github\joaoG23\pessoal\Automation-to-send-curriculum\web\exported\20250204123704.csv
2025-02-04 12:40:04,530 - automation-to-send-curriculum-web - INFO - Resumes sent with success!3
